2023-04-21 15:42:16 [main] INFO  o.s.b.d.r.RestartApplicationListener - Restart disabled due to System property 'spring.devtools.restart.enabled' being set to false
2023-04-21 15:42:16 [main] INFO  com.hexing.HxApplication - Starting HxApplication using Java 1.8.0_332 on yungengdeMBP with PID 11185 (/Users/yungeng/Documents/GitHub/hx_contract/hx_manager/target/classes started by yungeng in /Users/yungeng/Documents/GitHub/hx_contract)
2023-04-21 15:42:16 [main] INFO  com.hexing.HxApplication - The following 1 profile is active: "dev"
2023-04-21 15:42:16 [background-preinit] INFO  o.h.validator.internal.util.Version - HV000001: Hibernate Validator 6.2.5.Final
2023-04-21 15:42:17 [main] INFO  io.undertow.servlet - Initializing Spring embedded WebApplicationContext
2023-04-21 15:42:18 [main] INFO  c.b.d.d.DynamicRoutingDataSource - dynamic-datasource detect P6SPY plugin and enabled it
2023-04-21 15:42:18 [main] INFO  com.zaxxer.hikari.HikariDataSource - master - Starting...
2023-04-21 15:42:18 [main] INFO  com.zaxxer.hikari.HikariDataSource - master - Start completed.
2023-04-21 15:42:18 [main] INFO  c.b.d.d.DynamicRoutingDataSource - dynamic-datasource - add a datasource named [slave] success
2023-04-21 15:42:18 [main] INFO  c.b.d.d.DynamicRoutingDataSource - dynamic-datasource - add a datasource named [master] success
2023-04-21 15:42:18 [main] INFO  c.b.d.d.DynamicRoutingDataSource - dynamic-datasource initial loaded [2] datasource,primary datasource named [master]
2023-04-21 15:42:19 [main] INFO  org.quartz.impl.StdSchedulerFactory - Using default implementation for ThreadExecutor
2023-04-21 15:42:19 [main] INFO  o.quartz.core.SchedulerSignalerImpl - Initialized Scheduler Signaller of type: class org.quartz.core.SchedulerSignalerImpl
2023-04-21 15:42:19 [main] INFO  org.quartz.core.QuartzScheduler - Quartz Scheduler v.2.3.2 created.
2023-04-21 15:42:19 [main] INFO  org.quartz.simpl.RAMJobStore - RAMJobStore initialized.
2023-04-21 15:42:19 [main] INFO  org.quartz.core.QuartzScheduler - Scheduler meta-data: Quartz Scheduler (v2.3.2) 'quartzScheduler' with instanceId 'NON_CLUSTERED'
  Scheduler class: 'org.quartz.core.QuartzScheduler' - running locally.
  NOT STARTED.
  Currently in standby mode.
  Number of jobs executed: 0
  Using thread pool 'org.quartz.simpl.SimpleThreadPool' - with 10 threads.
  Using job-store 'org.quartz.simpl.RAMJobStore' - which does not support persistence. and is not clustered.

2023-04-21 15:42:19 [main] INFO  org.quartz.impl.StdSchedulerFactory - Quartz scheduler 'quartzScheduler' initialized from an externally provided properties instance.
2023-04-21 15:42:19 [main] INFO  org.quartz.impl.StdSchedulerFactory - Quartz scheduler version: 2.3.2
2023-04-21 15:42:19 [main] INFO  org.quartz.core.QuartzScheduler - JobFactory set to: org.springframework.scheduling.quartz.SpringBeanJobFactory@1e0294a7
2023-04-21 15:42:19 [main] INFO  c.h.framework.config.JacksonConfig - 初始化 jackson 配置
2023-04-21 15:42:19 [main] INFO  c.h.framework.config.RedisConfig - 初始化 redis 配置
2023-04-21 15:42:19 [main] INFO  org.redisson.Version - Redisson 3.20.0
2023-04-21 15:42:19 [redisson-netty-2-6] INFO  o.r.c.p.MasterPubSubConnectionPool - 1 connections initialized for localhost/127.0.0.1:6379
2023-04-21 15:42:19 [redisson-netty-2-4] INFO  o.r.c.pool.MasterConnectionPool - 8 connections initialized for localhost/127.0.0.1:6379
2023-04-21 15:42:21 [main] INFO  o.a.e.c.DefaultActiviti5CompatibilityHandlerFactory - Activiti 5 compatibility handler implementation not found or error during instantiation : org.activiti.compatibility.DefaultActiviti5CompatibilityHandler. Activiti 5 backwards compatibility disabled.
2023-04-21 15:42:21 [main] INFO  o.a.engine.impl.ProcessEngineImpl - ProcessEngine default created
2023-04-21 15:42:22 [main] INFO  io.undertow - starting server: Undertow - 2.2.23.Final
2023-04-21 15:42:22 [main] INFO  org.xnio - XNIO version 3.8.7.Final
2023-04-21 15:42:22 [main] INFO  org.xnio.nio - XNIO NIO Implementation Version 3.8.7.Final
2023-04-21 15:42:22 [main] INFO  org.jboss.threads - JBoss Threads version 3.1.0.Final
2023-04-21 15:42:22 [main] INFO  org.quartz.core.QuartzScheduler - Scheduler quartzScheduler_$_NON_CLUSTERED started.
2023-04-21 15:42:22 [main] INFO  com.hexing.HxApplication - Started HxApplication in 6.448 seconds (JVM running for 7.063)
2023-04-21 15:42:22 [main] INFO  c.h.s.runner.SystemApplicationRunner - 初始化OSS配置成功
2023-04-21 15:42:22 [main] INFO  c.h.s.runner.SystemApplicationRunner - 加载参数缓存数据成功
2023-04-21 15:42:22 [main] INFO  c.h.s.runner.SystemApplicationRunner - 加载字典缓存数据成功
2023-04-21 15:42:22 [RMI TCP Connection(1)-192.168.31.69] INFO  io.undertow.servlet - Initializing Spring DispatcherServlet 'dispatcherServlet'
2023-04-21 15:44:28 [XNIO-1 task-1] INFO  c.h.f.listener.UserActionListener - user doLogin, userId:sys_user:1, token:eyJ0eXAiOiJKV1QiLCJhbGciOiJIUzI1NiJ9.eyJsb2dpblR5cGUiOiJsb2dpbiIsImxvZ2luSWQiOiJzeXNfdXNlcjoxIiwicm5TdHIiOiJob0o2ckMwWWRVZjU2ekp5YjlhRmdtUVVvTVBjOWQ1eSIsInVzZXJJZCI6MX0.4D9BAnu0ayDawaW3PpbievzUs_SDcyBYhkhN0zbjbjQ
2023-04-21 15:44:28 [schedule-pool-1] INFO  c.h.s.s.i.SysLogininforServiceImpl - [127.0.0.1]内网IP[admin][Success][登录成功]
2023-04-21 15:47:53 [SpringApplicationShutdownHook] INFO  org.quartz.core.QuartzScheduler - Scheduler quartzScheduler_$_NON_CLUSTERED paused.
2023-04-21 15:47:53 [SpringApplicationShutdownHook] INFO  io.undertow - stopping server: Undertow - 2.2.23.Final
2023-04-21 15:47:53 [SpringApplicationShutdownHook] INFO  io.undertow.servlet - Destroying Spring FrameworkServlet 'dispatcherServlet'
2023-04-21 15:47:53 [SpringApplicationShutdownHook] INFO  c.h.f.manager.ShutdownManager - ====关闭后台任务任务线程池====
2023-04-21 15:47:53 [SpringApplicationShutdownHook] INFO  org.quartz.core.QuartzScheduler - Scheduler quartzScheduler_$_NON_CLUSTERED shutting down.
2023-04-21 15:47:53 [SpringApplicationShutdownHook] INFO  org.quartz.core.QuartzScheduler - Scheduler quartzScheduler_$_NON_CLUSTERED paused.
2023-04-21 15:47:53 [SpringApplicationShutdownHook] INFO  org.quartz.core.QuartzScheduler - Scheduler quartzScheduler_$_NON_CLUSTERED shutdown complete.
2023-04-21 15:47:53 [SpringApplicationShutdownHook] INFO  c.b.d.d.DynamicRoutingDataSource - dynamic-datasource start closing ....
2023-04-21 15:47:53 [SpringApplicationShutdownHook] INFO  com.zaxxer.hikari.HikariDataSource - master - Shutdown initiated...
2023-04-21 15:47:53 [SpringApplicationShutdownHook] INFO  com.zaxxer.hikari.HikariDataSource - master - Shutdown completed.
2023-04-21 15:47:53 [SpringApplicationShutdownHook] INFO  c.b.d.d.DynamicRoutingDataSource - dynamic-datasource all closed success,bye
2023-04-21 15:47:58 [main] INFO  o.s.b.d.r.RestartApplicationListener - Restart disabled due to System property 'spring.devtools.restart.enabled' being set to false
2023-04-21 15:47:58 [main] INFO  com.hexing.HxApplication - Starting HxApplication using Java 1.8.0_332 on yungengdeMBP with PID 11340 (/Users/yungeng/Documents/GitHub/hx_contract/hx_manager/target/classes started by yungeng in /Users/yungeng/Documents/GitHub/hx_contract)
2023-04-21 15:47:58 [main] INFO  com.hexing.HxApplication - The following 1 profile is active: "dev"
2023-04-21 15:47:58 [background-preinit] INFO  o.h.validator.internal.util.Version - HV000001: Hibernate Validator 6.2.5.Final
2023-04-21 15:48:00 [main] INFO  io.undertow.servlet - Initializing Spring embedded WebApplicationContext
2023-04-21 15:48:00 [main] INFO  c.b.d.d.DynamicRoutingDataSource - dynamic-datasource detect P6SPY plugin and enabled it
2023-04-21 15:48:00 [main] INFO  com.zaxxer.hikari.HikariDataSource - master - Starting...
2023-04-21 15:48:00 [main] INFO  com.zaxxer.hikari.HikariDataSource - master - Start completed.
2023-04-21 15:48:00 [main] INFO  c.b.d.d.DynamicRoutingDataSource - dynamic-datasource - add a datasource named [slave] success
2023-04-21 15:48:00 [main] INFO  c.b.d.d.DynamicRoutingDataSource - dynamic-datasource - add a datasource named [master] success
2023-04-21 15:48:00 [main] INFO  c.b.d.d.DynamicRoutingDataSource - dynamic-datasource initial loaded [2] datasource,primary datasource named [master]
2023-04-21 15:48:01 [main] INFO  org.quartz.impl.StdSchedulerFactory - Using default implementation for ThreadExecutor
2023-04-21 15:48:01 [main] INFO  o.quartz.core.SchedulerSignalerImpl - Initialized Scheduler Signaller of type: class org.quartz.core.SchedulerSignalerImpl
2023-04-21 15:48:01 [main] INFO  org.quartz.core.QuartzScheduler - Quartz Scheduler v.2.3.2 created.
2023-04-21 15:48:01 [main] INFO  org.quartz.simpl.RAMJobStore - RAMJobStore initialized.
2023-04-21 15:48:01 [main] INFO  org.quartz.core.QuartzScheduler - Scheduler meta-data: Quartz Scheduler (v2.3.2) 'quartzScheduler' with instanceId 'NON_CLUSTERED'
  Scheduler class: 'org.quartz.core.QuartzScheduler' - running locally.
  NOT STARTED.
  Currently in standby mode.
  Number of jobs executed: 0
  Using thread pool 'org.quartz.simpl.SimpleThreadPool' - with 10 threads.
  Using job-store 'org.quartz.simpl.RAMJobStore' - which does not support persistence. and is not clustered.

2023-04-21 15:48:01 [main] INFO  org.quartz.impl.StdSchedulerFactory - Quartz scheduler 'quartzScheduler' initialized from an externally provided properties instance.
2023-04-21 15:48:01 [main] INFO  org.quartz.impl.StdSchedulerFactory - Quartz scheduler version: 2.3.2
2023-04-21 15:48:01 [main] INFO  org.quartz.core.QuartzScheduler - JobFactory set to: org.springframework.scheduling.quartz.SpringBeanJobFactory@6f1d799
2023-04-21 15:48:01 [main] INFO  c.h.framework.config.JacksonConfig - 初始化 jackson 配置
2023-04-21 15:48:02 [main] INFO  c.h.framework.config.RedisConfig - 初始化 redis 配置
2023-04-21 15:48:02 [main] INFO  org.redisson.Version - Redisson 3.20.0
2023-04-21 15:48:02 [redisson-netty-2-7] INFO  o.r.c.p.MasterPubSubConnectionPool - 1 connections initialized for localhost/127.0.0.1:6379
2023-04-21 15:48:02 [redisson-netty-2-4] INFO  o.r.c.pool.MasterConnectionPool - 8 connections initialized for localhost/127.0.0.1:6379
2023-04-21 15:48:03 [main] INFO  o.a.e.c.DefaultActiviti5CompatibilityHandlerFactory - Activiti 5 compatibility handler implementation not found or error during instantiation : org.activiti.compatibility.DefaultActiviti5CompatibilityHandler. Activiti 5 backwards compatibility disabled.
2023-04-21 15:48:03 [main] INFO  o.a.engine.impl.ProcessEngineImpl - ProcessEngine default created
2023-04-21 15:48:04 [main] INFO  io.undertow - starting server: Undertow - 2.2.23.Final
2023-04-21 15:48:04 [main] INFO  org.xnio - XNIO version 3.8.7.Final
2023-04-21 15:48:04 [main] INFO  org.xnio.nio - XNIO NIO Implementation Version 3.8.7.Final
2023-04-21 15:48:04 [main] INFO  org.jboss.threads - JBoss Threads version 3.1.0.Final
2023-04-21 15:48:04 [main] INFO  org.quartz.core.QuartzScheduler - Scheduler quartzScheduler_$_NON_CLUSTERED started.
2023-04-21 15:48:04 [main] INFO  com.hexing.HxApplication - Started HxApplication in 6.077 seconds (JVM running for 6.49)
2023-04-21 15:48:04 [main] INFO  c.h.s.runner.SystemApplicationRunner - 初始化OSS配置成功
2023-04-21 15:48:04 [main] INFO  c.h.s.runner.SystemApplicationRunner - 加载参数缓存数据成功
2023-04-21 15:48:04 [main] INFO  c.h.s.runner.SystemApplicationRunner - 加载字典缓存数据成功
2023-04-21 15:48:05 [RMI TCP Connection(2)-192.168.31.69] INFO  io.undertow.servlet - Initializing Spring DispatcherServlet 'dispatcherServlet'
2023-04-21 15:49:44 [SpringApplicationShutdownHook] INFO  org.quartz.core.QuartzScheduler - Scheduler quartzScheduler_$_NON_CLUSTERED paused.
2023-04-21 15:49:44 [SpringApplicationShutdownHook] INFO  io.undertow - stopping server: Undertow - 2.2.23.Final
2023-04-21 15:49:44 [SpringApplicationShutdownHook] INFO  io.undertow.servlet - Destroying Spring FrameworkServlet 'dispatcherServlet'
2023-04-21 15:49:44 [SpringApplicationShutdownHook] INFO  c.h.f.manager.ShutdownManager - ====关闭后台任务任务线程池====
2023-04-21 15:49:44 [SpringApplicationShutdownHook] INFO  org.quartz.core.QuartzScheduler - Scheduler quartzScheduler_$_NON_CLUSTERED shutting down.
2023-04-21 15:49:44 [SpringApplicationShutdownHook] INFO  org.quartz.core.QuartzScheduler - Scheduler quartzScheduler_$_NON_CLUSTERED paused.
2023-04-21 15:49:44 [SpringApplicationShutdownHook] INFO  org.quartz.core.QuartzScheduler - Scheduler quartzScheduler_$_NON_CLUSTERED shutdown complete.
2023-04-21 15:49:44 [SpringApplicationShutdownHook] INFO  c.b.d.d.DynamicRoutingDataSource - dynamic-datasource start closing ....
2023-04-21 15:49:44 [SpringApplicationShutdownHook] INFO  com.zaxxer.hikari.HikariDataSource - master - Shutdown initiated...
2023-04-21 15:49:44 [SpringApplicationShutdownHook] INFO  com.zaxxer.hikari.HikariDataSource - master - Shutdown completed.
2023-04-21 15:49:44 [SpringApplicationShutdownHook] INFO  c.b.d.d.DynamicRoutingDataSource - dynamic-datasource all closed success,bye
2023-04-21 15:49:49 [main] INFO  o.s.b.d.r.RestartApplicationListener - Restart disabled due to System property 'spring.devtools.restart.enabled' being set to false
2023-04-21 15:49:49 [main] INFO  com.hexing.HxApplication - Starting HxApplication using Java 1.8.0_332 on yungengdeMBP with PID 11394 (/Users/yungeng/Documents/GitHub/hx_contract/hx_manager/target/classes started by yungeng in /Users/yungeng/Documents/GitHub/hx_contract)
2023-04-21 15:49:49 [main] INFO  com.hexing.HxApplication - The following 1 profile is active: "dev"
2023-04-21 15:49:49 [background-preinit] INFO  o.h.validator.internal.util.Version - HV000001: Hibernate Validator 6.2.5.Final
2023-04-21 15:49:51 [main] INFO  io.undertow.servlet - Initializing Spring embedded WebApplicationContext
2023-04-21 15:49:51 [main] INFO  c.b.d.d.DynamicRoutingDataSource - dynamic-datasource detect P6SPY plugin and enabled it
2023-04-21 15:49:51 [main] INFO  com.zaxxer.hikari.HikariDataSource - master - Starting...
2023-04-21 15:49:51 [main] INFO  com.zaxxer.hikari.HikariDataSource - master - Start completed.
2023-04-21 15:49:51 [main] INFO  c.b.d.d.DynamicRoutingDataSource - dynamic-datasource - add a datasource named [slave] success
2023-04-21 15:49:51 [main] INFO  c.b.d.d.DynamicRoutingDataSource - dynamic-datasource - add a datasource named [master] success
2023-04-21 15:49:51 [main] INFO  c.b.d.d.DynamicRoutingDataSource - dynamic-datasource initial loaded [2] datasource,primary datasource named [master]
2023-04-21 15:49:52 [main] INFO  org.quartz.impl.StdSchedulerFactory - Using default implementation for ThreadExecutor
2023-04-21 15:49:52 [main] INFO  o.quartz.core.SchedulerSignalerImpl - Initialized Scheduler Signaller of type: class org.quartz.core.SchedulerSignalerImpl
2023-04-21 15:49:52 [main] INFO  org.quartz.core.QuartzScheduler - Quartz Scheduler v.2.3.2 created.
2023-04-21 15:49:52 [main] INFO  org.quartz.simpl.RAMJobStore - RAMJobStore initialized.
2023-04-21 15:49:52 [main] INFO  org.quartz.core.QuartzScheduler - Scheduler meta-data: Quartz Scheduler (v2.3.2) 'quartzScheduler' with instanceId 'NON_CLUSTERED'
  Scheduler class: 'org.quartz.core.QuartzScheduler' - running locally.
  NOT STARTED.
  Currently in standby mode.
  Number of jobs executed: 0
  Using thread pool 'org.quartz.simpl.SimpleThreadPool' - with 10 threads.
  Using job-store 'org.quartz.simpl.RAMJobStore' - which does not support persistence. and is not clustered.

2023-04-21 15:49:52 [main] INFO  org.quartz.impl.StdSchedulerFactory - Quartz scheduler 'quartzScheduler' initialized from an externally provided properties instance.
2023-04-21 15:49:52 [main] INFO  org.quartz.impl.StdSchedulerFactory - Quartz scheduler version: 2.3.2
2023-04-21 15:49:52 [main] INFO  org.quartz.core.QuartzScheduler - JobFactory set to: org.springframework.scheduling.quartz.SpringBeanJobFactory@6f1d799
2023-04-21 15:49:52 [main] INFO  c.h.framework.config.JacksonConfig - 初始化 jackson 配置
2023-04-21 15:49:52 [main] INFO  c.h.framework.config.RedisConfig - 初始化 redis 配置
2023-04-21 15:49:52 [main] INFO  org.redisson.Version - Redisson 3.20.0
2023-04-21 15:49:53 [redisson-netty-2-6] INFO  o.r.c.p.MasterPubSubConnectionPool - 1 connections initialized for localhost/127.0.0.1:6379
2023-04-21 15:49:53 [redisson-netty-2-4] INFO  o.r.c.pool.MasterConnectionPool - 8 connections initialized for localhost/127.0.0.1:6379
2023-04-21 15:49:54 [main] INFO  o.a.e.c.DefaultActiviti5CompatibilityHandlerFactory - Activiti 5 compatibility handler implementation not found or error during instantiation : org.activiti.compatibility.DefaultActiviti5CompatibilityHandler. Activiti 5 backwards compatibility disabled.
2023-04-21 15:49:54 [main] INFO  o.a.engine.impl.ProcessEngineImpl - ProcessEngine default created
2023-04-21 15:49:55 [main] INFO  io.undertow - starting server: Undertow - 2.2.23.Final
2023-04-21 15:49:55 [main] INFO  org.xnio - XNIO version 3.8.7.Final
2023-04-21 15:49:55 [main] INFO  org.xnio.nio - XNIO NIO Implementation Version 3.8.7.Final
2023-04-21 15:49:55 [main] INFO  org.jboss.threads - JBoss Threads version 3.1.0.Final
2023-04-21 15:49:55 [main] INFO  org.quartz.core.QuartzScheduler - Scheduler quartzScheduler_$_NON_CLUSTERED started.
2023-04-21 15:49:55 [main] INFO  com.hexing.HxApplication - Started HxApplication in 6.172 seconds (JVM running for 6.605)
2023-04-21 15:49:55 [main] INFO  c.h.s.runner.SystemApplicationRunner - 初始化OSS配置成功
2023-04-21 15:49:55 [main] INFO  c.h.s.runner.SystemApplicationRunner - 加载参数缓存数据成功
2023-04-21 15:49:55 [main] INFO  c.h.s.runner.SystemApplicationRunner - 加载字典缓存数据成功
2023-04-21 15:49:55 [RMI TCP Connection(2)-192.168.31.69] INFO  io.undertow.servlet - Initializing Spring DispatcherServlet 'dispatcherServlet'
2023-04-21 16:14:42 [SpringApplicationShutdownHook] INFO  org.quartz.core.QuartzScheduler - Scheduler quartzScheduler_$_NON_CLUSTERED paused.
2023-04-21 16:14:42 [SpringApplicationShutdownHook] INFO  io.undertow - stopping server: Undertow - 2.2.23.Final
2023-04-21 16:14:42 [SpringApplicationShutdownHook] INFO  io.undertow.servlet - Destroying Spring FrameworkServlet 'dispatcherServlet'
2023-04-21 16:14:42 [SpringApplicationShutdownHook] INFO  c.h.f.manager.ShutdownManager - ====关闭后台任务任务线程池====
2023-04-21 16:14:42 [SpringApplicationShutdownHook] INFO  org.quartz.core.QuartzScheduler - Scheduler quartzScheduler_$_NON_CLUSTERED shutting down.
2023-04-21 16:14:42 [SpringApplicationShutdownHook] INFO  org.quartz.core.QuartzScheduler - Scheduler quartzScheduler_$_NON_CLUSTERED paused.
2023-04-21 16:14:42 [SpringApplicationShutdownHook] INFO  org.quartz.core.QuartzScheduler - Scheduler quartzScheduler_$_NON_CLUSTERED shutdown complete.
2023-04-21 16:14:42 [SpringApplicationShutdownHook] INFO  c.b.d.d.DynamicRoutingDataSource - dynamic-datasource start closing ....
2023-04-21 16:14:42 [SpringApplicationShutdownHook] INFO  com.zaxxer.hikari.HikariDataSource - master - Shutdown initiated...
2023-04-21 16:14:42 [SpringApplicationShutdownHook] INFO  com.zaxxer.hikari.HikariDataSource - master - Shutdown completed.
2023-04-21 16:14:42 [SpringApplicationShutdownHook] INFO  c.b.d.d.DynamicRoutingDataSource - dynamic-datasource all closed success,bye
2023-04-21 16:57:46 [main] INFO  o.s.b.d.r.RestartApplicationListener - Restart disabled due to System property 'spring.devtools.restart.enabled' being set to false
2023-04-21 16:57:46 [main] INFO  com.hexing.HxApplication - Starting HxApplication using Java 1.8.0_332 on yungengdeMBP with PID 2088 (/Users/yungeng/Documents/GitHub/hx_contract/hx_manager/target/classes started by yungeng in /Users/yungeng/Documents/GitHub/hx_contract)
2023-04-21 16:57:46 [main] INFO  com.hexing.HxApplication - The following 1 profile is active: "dev"
2023-04-21 16:57:46 [background-preinit] INFO  o.h.validator.internal.util.Version - HV000001: Hibernate Validator 6.2.5.Final
2023-04-21 16:57:48 [main] INFO  io.undertow.servlet - Initializing Spring embedded WebApplicationContext
2023-04-21 16:57:48 [main] INFO  c.b.d.d.DynamicRoutingDataSource - dynamic-datasource detect P6SPY plugin and enabled it
2023-04-21 16:57:48 [main] INFO  com.zaxxer.hikari.HikariDataSource - master - Starting...
2023-04-21 16:57:48 [main] INFO  com.zaxxer.hikari.HikariDataSource - master - Start completed.
2023-04-21 16:57:48 [main] INFO  c.b.d.d.DynamicRoutingDataSource - dynamic-datasource - add a datasource named [slave] success
2023-04-21 16:57:48 [main] INFO  c.b.d.d.DynamicRoutingDataSource - dynamic-datasource - add a datasource named [master] success
2023-04-21 16:57:48 [main] INFO  c.b.d.d.DynamicRoutingDataSource - dynamic-datasource initial loaded [2] datasource,primary datasource named [master]
2023-04-21 16:57:49 [main] INFO  org.quartz.impl.StdSchedulerFactory - Using default implementation for ThreadExecutor
2023-04-21 16:57:49 [main] INFO  o.quartz.core.SchedulerSignalerImpl - Initialized Scheduler Signaller of type: class org.quartz.core.SchedulerSignalerImpl
2023-04-21 16:57:49 [main] INFO  org.quartz.core.QuartzScheduler - Quartz Scheduler v.2.3.2 created.
2023-04-21 16:57:49 [main] INFO  org.quartz.simpl.RAMJobStore - RAMJobStore initialized.
2023-04-21 16:57:49 [main] INFO  org.quartz.core.QuartzScheduler - Scheduler meta-data: Quartz Scheduler (v2.3.2) 'quartzScheduler' with instanceId 'NON_CLUSTERED'
  Scheduler class: 'org.quartz.core.QuartzScheduler' - running locally.
  NOT STARTED.
  Currently in standby mode.
  Number of jobs executed: 0
  Using thread pool 'org.quartz.simpl.SimpleThreadPool' - with 10 threads.
  Using job-store 'org.quartz.simpl.RAMJobStore' - which does not support persistence. and is not clustered.

2023-04-21 16:57:49 [main] INFO  org.quartz.impl.StdSchedulerFactory - Quartz scheduler 'quartzScheduler' initialized from an externally provided properties instance.
2023-04-21 16:57:49 [main] INFO  org.quartz.impl.StdSchedulerFactory - Quartz scheduler version: 2.3.2
2023-04-21 16:57:49 [main] INFO  org.quartz.core.QuartzScheduler - JobFactory set to: org.springframework.scheduling.quartz.SpringBeanJobFactory@a120b9
2023-04-21 16:57:49 [main] INFO  c.h.framework.config.JacksonConfig - 初始化 jackson 配置
2023-04-21 16:57:49 [main] INFO  c.h.framework.config.RedisConfig - 初始化 redis 配置
2023-04-21 16:57:49 [main] INFO  org.redisson.Version - Redisson 3.20.0
2023-04-21 16:57:49 [redisson-netty-2-7] INFO  o.r.c.p.MasterPubSubConnectionPool - 1 connections initialized for localhost/127.0.0.1:6379
2023-04-21 16:57:49 [redisson-netty-2-4] INFO  o.r.c.pool.MasterConnectionPool - 8 connections initialized for localhost/127.0.0.1:6379
2023-04-21 16:57:51 [main] INFO  o.a.e.c.DefaultActiviti5CompatibilityHandlerFactory - Activiti 5 compatibility handler implementation not found or error during instantiation : org.activiti.compatibility.DefaultActiviti5CompatibilityHandler. Activiti 5 backwards compatibility disabled.
2023-04-21 16:57:51 [main] INFO  o.a.engine.impl.ProcessEngineImpl - ProcessEngine default created
2023-04-21 16:57:52 [main] INFO  io.undertow - starting server: Undertow - 2.2.23.Final
2023-04-21 16:57:52 [main] INFO  org.xnio - XNIO version 3.8.7.Final
2023-04-21 16:57:52 [main] INFO  org.xnio.nio - XNIO NIO Implementation Version 3.8.7.Final
2023-04-21 16:57:52 [main] INFO  org.jboss.threads - JBoss Threads version 3.1.0.Final
2023-04-21 16:57:52 [main] INFO  org.quartz.core.QuartzScheduler - Scheduler quartzScheduler_$_NON_CLUSTERED started.
2023-04-21 16:57:52 [main] INFO  com.hexing.HxApplication - Started HxApplication in 6.459 seconds (JVM running for 6.882)
2023-04-21 16:57:53 [main] INFO  c.h.s.runner.SystemApplicationRunner - 初始化OSS配置成功
2023-04-21 16:57:53 [main] INFO  c.h.s.runner.SystemApplicationRunner - 加载参数缓存数据成功
2023-04-21 16:57:53 [main] INFO  c.h.s.runner.SystemApplicationRunner - 加载字典缓存数据成功
2023-04-21 16:57:53 [RMI TCP Connection(9)-192.168.31.69] INFO  io.undertow.servlet - Initializing Spring DispatcherServlet 'dispatcherServlet'
2023-04-21 17:04:26 [XNIO-1 task-1] INFO  c.h.f.listener.UserActionListener - user doLogin, userId:sys_user:1, token:eyJ0eXAiOiJKV1QiLCJhbGciOiJIUzI1NiJ9.eyJsb2dpblR5cGUiOiJsb2dpbiIsImxvZ2luSWQiOiJzeXNfdXNlcjoxIiwicm5TdHIiOiJCaExMT1F2b2NGVDVKQndkNndUaVlzQU1ZeW1sMk1KeiIsInVzZXJJZCI6MX0.Vaa4rCD6yaWuqw64_TU3fSYHa9pGq_-sLHvv4WHSCRc
2023-04-21 17:04:26 [schedule-pool-1] INFO  c.h.s.s.i.SysLogininforServiceImpl - [127.0.0.1]内网IP[admin][Success][登录成功]
